#
# There is insufficient memory for the Java Runtime Environment to continue.
# Native memory allocation (malloc) failed to allocate 67108880 bytes for Chunk::new
# Possible reasons:
#   The system is out of physical RAM or swap space
#   In 32 bit mode, the process size limit was hit
# Possible solutions:
#   Reduce memory load on the system
#   Increase physical memory or swap space
#   Check if swap backing store is full
#   Use 64 bit Java on a 64 bit OS
#   Decrease Java heap size (-Xmx/-Xms)
#   Decrease number of Java threads
#   Decrease Java thread stack sizes (-Xss)
#   Set larger code cache with -XX:ReservedCodeCacheSize=
# This output file may be truncated or incomplete.
#
#  Out of Memory Error (allocation.cpp:390), pid=13588, tid=2852
#
# JRE version: Java(TM) SE Runtime Environment (8.0_25-b18) (build 1.8.0_25-b18)
# Java VM: Java HotSpot(TM) 64-Bit Server VM (25.25-b02 mixed mode windows-amd64 compressed oops)
# Failed to write core dump. Minidumps are not enabled by default on client versions of Windows
#

---------------  T H R E A D  ---------------

Current thread (0x000000001613c000):  JavaThread "C2 CompilerThread1" daemon [_thread_in_native, id=2852, stack(0x0000000017d80000,0x0000000017e80000)]

Stack: [0x0000000017d80000,0x0000000017e80000]
Native frames: (J=compiled Java code, j=interpreted, Vv=VM code, C=native code)
V  [jvm.dll+0x31667a]
V  [jvm.dll+0x267073]
V  [jvm.dll+0x267cb3]
V  [jvm.dll+0x25f5b5]
V  [jvm.dll+0xbf165]
V  [jvm.dll+0xbf60c]
V  [jvm.dll+0x40c68]
V  [jvm.dll+0x45f0b0]
V  [jvm.dll+0x45f36a]
V  [jvm.dll+0x46024f]
V  [jvm.dll+0x462311]
V  [jvm.dll+0x464745]
V  [jvm.dll+0x4650cc]
V  [jvm.dll+0x465413]
V  [jvm.dll+0x4522c3]
V  [jvm.dll+0x453864]
V  [jvm.dll+0x437372]
V  [jvm.dll+0x98a02]
V  [jvm.dll+0x991f3]
V  [jvm.dll+0x22bde4]
V  [jvm.dll+0x2852fa]
C  [msvcr100.dll+0x21d9f]
C  [msvcr100.dll+0x21e3b]
C  [KERNEL32.DLL+0x18102]
C  [ntdll.dll+0x5c5b4]


Current CompileTask:
C2:16118272 18858   !   4       com.android.dx.cf.code.Ropper::processBlock (1101 bytes)


---------------  P R O C E S S  ---------------

Java Threads: ( => current thread )
  0x000000001b963800 JavaThread "pool-19-thread-3" [_thread_blocked, id=5052, stack(0x0000000054460000,0x0000000054560000)]
  0x0000000018874800 JavaThread "pool-19-thread-1" [_thread_blocked, id=8828, stack(0x0000000054360000,0x0000000054460000)]
  0x000000001dacd000 JavaThread "pool-19-thread-4" [_thread_blocked, id=11244, stack(0x0000000054260000,0x0000000054360000)]
  0x000000001b396800 JavaThread "pool-19-thread-2" [_thread_blocked, id=13708, stack(0x0000000054160000,0x0000000054260000)]
  0x000000001c723000 JavaThread "pool-13-thread-4" [_thread_blocked, id=10260, stack(0x0000000050560000,0x0000000050660000)]
  0x000000001c722800 JavaThread "pool-13-thread-3" [_thread_blocked, id=5944, stack(0x0000000050460000,0x0000000050560000)]
  0x000000001c725800 JavaThread "pool-13-thread-2" [_thread_blocked, id=15252, stack(0x0000000050360000,0x0000000050460000)]
  0x000000001c724800 JavaThread "pool-13-thread-1" [_thread_blocked, id=5216, stack(0x0000000050260000,0x0000000050360000)]
  0x000000001b963000 JavaThread "Stdin handler" [_thread_blocked, id=15056, stack(0x0000000050160000,0x0000000050260000)]
  0x000000001b965000 JavaThread "Asynchronous log dispatcher for org.gradle.launcher.daemon.server.DefaultDaemonConnection@62c3095c" [_thread_blocked, id=4620, stack(0x0000000050060000,0x0000000050160000)]
  0x000000001b623000 JavaThread "Daemon worker Thread 5" [_thread_in_Java, id=2732, stack(0x000000004ff60000,0x0000000050060000)]
  0x000000001b622800 JavaThread "Cancel handler" [_thread_blocked, id=16120, stack(0x000000004fe60000,0x000000004ff60000)]
  0x000000001b964800 JavaThread "Handler for socket connection from /127.0.0.1:55970 to /127.0.0.1:55867" [_thread_in_native, id=9392, stack(0x000000004fd60000,0x000000004fe60000)]
  0x000000001b390000 JavaThread "Daemon Thread 5" [_thread_blocked, id=16040, stack(0x000000004fc60000,0x000000004fd60000)]
  0x00000000186bf800 JavaThread "pool-2-thread-1" [_thread_blocked, id=11876, stack(0x000000001e4c0000,0x000000001e5c0000)]
  0x000000001b1e9800 JavaThread "File lock request listener" [_thread_in_native, id=12540, stack(0x000000001cff0000,0x000000001d0f0000)]
  0x00000000191d4000 JavaThread "Incoming local TCP Connector on port 55970" [_thread_in_native, id=13660, stack(0x0000000019f50000,0x000000001a050000)]
  0x0000000019245000 JavaThread "pool-1-thread-1" [_thread_blocked, id=13440, stack(0x0000000018d80000,0x0000000018e80000)]
  0x0000000017f0e000 JavaThread "Service Thread" daemon [_thread_blocked, id=6968, stack(0x0000000018380000,0x0000000018480000)]
  0x0000000017e8a800 JavaThread "C1 CompilerThread2" daemon [_thread_blocked, id=14920, stack(0x0000000018280000,0x0000000018380000)]
=>0x000000001613c000 JavaThread "C2 CompilerThread1" daemon [_thread_in_native, id=2852, stack(0x0000000017d80000,0x0000000017e80000)]
  0x00000000160ee000 JavaThread "C2 CompilerThread0" daemon [_thread_in_native, id=4720, stack(0x0000000017c80000,0x0000000017d80000)]
  0x00000000160ec800 JavaThread "Attach Listener" daemon [_thread_blocked, id=9644, stack(0x0000000017b80000,0x0000000017c80000)]
  0x00000000160eb000 JavaThread "Signal Dispatcher" daemon [_thread_blocked, id=3572, stack(0x0000000017a80000,0x0000000017b80000)]
  0x0000000002764000 JavaThread "Finalizer" daemon [_thread_blocked, id=7756, stack(0x0000000017330000,0x0000000017430000)]
  0x000000000275b000 JavaThread "Reference Handler" daemon [_thread_blocked, id=14484, stack(0x0000000017230000,0x0000000017330000)]
  0x000000000246d800 JavaThread "main" [_thread_blocked, id=4676, stack(0x0000000002570000,0x0000000002670000)]

Other Threads:
  0x00000000160a7000 VMThread [stack: 0x0000000017130000,0x0000000017230000] [id=16096]
  0x0000000017f11000 WatcherThread [stack: 0x0000000018480000,0x0000000018580000] [id=15320]

VM state:not at safepoint (normal execution)

VM Mutex/Monitor currently owned by a thread:  ([mutex/lock_event])
[0x000000000246c7d0] Threads_lock - owner thread: 0x000000001b623000

Heap:
 PSYoungGen      total 316928K, used 61559K [0x00000000e0000000, 0x00000000f9a00000, 0x0000000100000000)
  eden space 256000K, 6% used [0x00000000e0000000,0x00000000e10f1a30,0x00000000efa00000)
  from space 60928K, 72% used [0x00000000efa00000,0x00000000f252c3b8,0x00000000f3580000)
  to   space 65024K, 0% used [0x00000000f5a80000,0x00000000f5a80000,0x00000000f9a00000)
 ParOldGen       total 180736K, used 124049K [0x00000000a0000000, 0x00000000ab080000, 0x00000000e0000000)
  object space 180736K, 68% used [0x00000000a0000000,0x00000000a7924688,0x00000000ab080000)
 Metaspace       used 76553K, capacity 79554K, committed 83584K, reserved 1122304K
  class space    used 9731K, capacity 10147K, committed 11136K, reserved 1048576K

Card table byte_map: [0x0000000011b30000,0x0000000011e40000] byte_map_base: 0x0000000011630000

Marking Bits: (ParMarkBitMap*) 0x00000000594fd490
 Begin Bits: [0x0000000012440000, 0x0000000013c40000)
 End Bits:   [0x0000000013c40000, 0x0000000015440000)

Polling page: 0x0000000000520000

CodeCache: size=245760Kb used=53292Kb max_used=53305Kb free=192467Kb
 bounds [0x0000000002770000, 0x0000000005bd0000, 0x0000000011770000]
 total_blobs=16032 nmethods=15227 adapters=717
 compilation: enabled

Compilation events (10 events):
Event: 16114.602 Thread 0x00000000160ee000 nmethod 19161 0x000000000566be50 code [0x000000000566bf80, 0x000000000566c038]
Event: 16114.602 Thread 0x00000000160ee000 19584       4       com.android.dx.cf.code.Ropper::addBlock (37 bytes)
Event: 16114.611 Thread 0x00000000160ee000 nmethod 19584 0x0000000005b91ad0 code [0x0000000005b91c60, 0x0000000005b923b8]
Event: 16114.611 Thread 0x00000000160ee000 19570       4       com.android.dx.cf.code.Simulator$SimVisitor::visitLocal (329 bytes)
Event: 16114.621 Thread 0x0000000017e8a800 19807       2       com.google.common.collect.TreeTraverser$BreadthFirstIterator::hasNext (18 bytes)
Event: 16114.621 Thread 0x0000000017e8a800 nmethod 19807 0x0000000005b90f50 code [0x0000000005b910c0, 0x0000000005b91248]
Event: 16114.637 Thread 0x0000000017e8a800 19808       2       com.google.common.io.Files$2::children (9 bytes)
Event: 16114.638 Thread 0x0000000017e8a800 nmethod 19808 0x0000000005b94010 code [0x0000000005b941a0, 0x0000000005b94558]
Event: 16114.638 Thread 0x0000000017e8a800 19809       2       java.util.zip.ZipOutputStream::putNextEntry (337 bytes)
Event: 16114.640 Thread 0x0000000017e8a800 nmethod 19809 0x0000000005bb1090 code [0x0000000005bb12c0, 0x0000000005bb1bf8]

GC Heap History (10 events):
Event: 16107.648 GC heap before
{Heap before GC invocations=38 (full 8):
 PSYoungGen      total 238080K, used 215552K [0x00000000e0000000, 0x00000000f0e80000, 0x0000000100000000)
  eden space 215552K, 100% used [0x00000000e0000000,0x00000000ed280000,0x00000000ed280000)
  from space 22528K, 0% used [0x00000000eee80000,0x00000000eee80000,0x00000000f0480000)
  to   space 28672K, 0% used [0x00000000ed280000,0x00000000ed280000,0x00000000eee80000)
 ParOldGen       total 180736K, used 95328K [0x00000000a0000000, 0x00000000ab080000, 0x00000000e0000000)
  object space 180736K, 52% used [0x00000000a0000000,0x00000000a5d18188,0x00000000ab080000)
 Metaspace       used 76298K, capacity 79300K, committed 83584K, reserved 1122304K
  class space    used 9707K, capacity 10106K, committed 11136K, reserved 1048576K
Event: 16107.741 GC heap after
Heap after GC invocations=38 (full 8):
 PSYoungGen      total 244224K, used 25536K [0x00000000e0000000, 0x00000000f2a00000, 0x0000000100000000)
  eden space 215552K, 0% used [0x00000000e0000000,0x00000000e0000000,0x00000000ed280000)
  from space 28672K, 89% used [0x00000000ed280000,0x00000000eeb701a8,0x00000000eee80000)
  to   space 32256K, 0% used [0x00000000f0a80000,0x00000000f0a80000,0x00000000f2a00000)
 ParOldGen       total 180736K, used 95336K [0x00000000a0000000, 0x00000000ab080000, 0x00000000e0000000)
  object space 180736K, 52% used [0x00000000a0000000,0x00000000a5d1a188,0x00000000ab080000)
 Metaspace       used 76298K, capacity 79300K, committed 83584K, reserved 1122304K
  class space    used 9707K, capacity 10106K, committed 11136K, reserved 1048576K
}
Event: 16108.630 GC heap before
{Heap before GC invocations=39 (full 8):
 PSYoungGen      total 244224K, used 241088K [0x00000000e0000000, 0x00000000f2a00000, 0x0000000100000000)
  eden space 215552K, 100% used [0x00000000e0000000,0x00000000ed280000,0x00000000ed280000)
  from space 28672K, 89% used [0x00000000ed280000,0x00000000eeb701a8,0x00000000eee80000)
  to   space 32256K, 0% used [0x00000000f0a80000,0x00000000f0a80000,0x00000000f2a00000)
 ParOldGen       total 180736K, used 95336K [0x00000000a0000000, 0x00000000ab080000, 0x00000000e0000000)
  object space 180736K, 52% used [0x00000000a0000000,0x00000000a5d1a188,0x00000000ab080000)
 Metaspace       used 76337K, capacity 79300K, committed 83584K, reserved 1122304K
  class space    used 9708K, capacity 10106K, committed 11136K, reserved 1048576K
Event: 16108.724 GC heap after
Heap after GC invocations=39 (full 8):
 PSYoungGen      total 262144K, used 32237K [0x00000000e0000000, 0x00000000f4180000, 0x0000000100000000)
  eden space 229888K, 0% used [0x00000000e0000000,0x00000000e0000000,0x00000000ee080000)
  from space 32256K, 99% used [0x00000000f0a80000,0x00000000f29fb770,0x00000000f2a00000)
  to   space 43008K, 0% used [0x00000000ee080000,0x00000000ee080000,0x00000000f0a80000)
 ParOldGen       total 180736K, used 110479K [0x00000000a0000000, 0x00000000ab080000, 0x00000000e0000000)
  object space 180736K, 61% used [0x00000000a0000000,0x00000000a6be3f18,0x00000000ab080000)
 Metaspace       used 76337K, capacity 79300K, committed 83584K, reserved 1122304K
  class space    used 9708K, capacity 10106K, committed 11136K, reserved 1048576K
}
Event: 16109.573 GC heap before
{Heap before GC invocations=40 (full 8):
 PSYoungGen      total 262144K, used 262125K [0x00000000e0000000, 0x00000000f4180000, 0x0000000100000000)
  eden space 229888K, 100% used [0x00000000e0000000,0x00000000ee080000,0x00000000ee080000)
  from space 32256K, 99% used [0x00000000f0a80000,0x00000000f29fb770,0x00000000f2a00000)
  to   space 43008K, 0% used [0x00000000ee080000,0x00000000ee080000,0x00000000f0a80000)
 ParOldGen       total 180736K, used 110479K [0x00000000a0000000, 0x00000000ab080000, 0x00000000e0000000)
  object space 180736K, 61% used [0x00000000a0000000,0x00000000a6be3f18,0x00000000ab080000)
 Metaspace       used 76349K, capacity 79300K, committed 83584K, reserved 1122304K
  class space    used 9708K, capacity 10106K, committed 11136K, reserved 1048576K
Event: 16109.676 GC heap after
Heap after GC invocations=40 (full 8):
 PSYoungGen      total 272896K, used 42990K [0x00000000e0000000, 0x00000000f6b80000, 0x0000000100000000)
  eden space 229888K, 0% used [0x00000000e0000000,0x00000000e0000000,0x00000000ee080000)
  from space 43008K, 99% used [0x00000000ee080000,0x00000000f0a7b900,0x00000000f0a80000)
  to   space 55296K, 0% used [0x00000000f3580000,0x00000000f3580000,0x00000000f6b80000)
 ParOldGen       total 180736K, used 124041K [0x00000000a0000000, 0x00000000ab080000, 0x00000000e0000000)
  object space 180736K, 68% used [0x00000000a0000000,0x00000000a7922688,0x00000000ab080000)
 Metaspace       used 76349K, capacity 79300K, committed 83584K, reserved 1122304K
  class space    used 9708K, capacity 10106K, committed 11136K, reserved 1048576K
}
Event: 16112.059 GC heap before
{Heap before GC invocations=41 (full 8):
 PSYoungGen      total 272896K, used 272878K [0x00000000e0000000, 0x00000000f6b80000, 0x0000000100000000)
  eden space 229888K, 100% used [0x00000000e0000000,0x00000000ee080000,0x00000000ee080000)
  from space 43008K, 99% used [0x00000000ee080000,0x00000000f0a7b900,0x00000000f0a80000)
  to   space 55296K, 0% used [0x00000000f3580000,0x00000000f3580000,0x00000000f6b80000)
 ParOldGen       total 180736K, used 124041K [0x00000000a0000000, 0x00000000ab080000, 0x00000000e0000000)
  object space 180736K, 68% used [0x00000000a0000000,0x00000000a7922688,0x00000000ab080000)
 Metaspace       used 76374K, capacity 79364K, committed 83584K, reserved 1122304K
  class space    used 9708K, capacity 10106K, committed 11136K, reserved 1048576K
Event: 16112.166 GC heap after
Heap after GC invocations=41 (full 8):
 PSYoungGen      total 311296K, used 46490K [0x00000000e0000000, 0x00000000f7480000, 0x0000000100000000)
  eden space 256000K, 0% used [0x00000000e0000000,0x00000000e0000000,0x00000000efa00000)
  from space 55296K, 84% used [0x00000000f3580000,0x00000000f62e6af0,0x00000000f6b80000)
  to   space 60928K, 0% used [0x00000000efa00000,0x00000000efa00000,0x00000000f3580000)
 ParOldGen       total 180736K, used 124041K [0x00000000a0000000, 0x00000000ab080000, 0x00000000e0000000)
  object space 180736K, 68% used [0x00000000a0000000,0x00000000a7922688,0x00000000ab080000)
 Metaspace       used 76374K, capacity 79364K, committed 83584K, reserved 1122304K
  class space    used 9708K, capacity 10106K, committed 11136K, reserved 1048576K
}
Event: 16114.366 GC heap before
{Heap before GC invocations=42 (full 8):
 PSYoungGen      total 311296K, used 302490K [0x00000000e0000000, 0x00000000f7480000, 0x0000000100000000)
  eden space 256000K, 100% used [0x00000000e0000000,0x00000000efa00000,0x00000000efa00000)
  from space 55296K, 84% used [0x00000000f3580000,0x00000000f62e6af0,0x00000000f6b80000)
  to   space 60928K, 0% used [0x00000000efa00000,0x00000000efa00000,0x00000000f3580000)
 ParOldGen       total 180736K, used 124041K [0x00000000a0000000, 0x00000000ab080000, 0x00000000e0000000)
  object space 180736K, 68% used [0x00000000a0000000,0x00000000a7922688,0x00000000ab080000)
 Metaspace       used 76413K, capacity 79378K, committed 83584K, reserved 1122304K
  class space    used 9710K, capacity 10109K, committed 11136K, reserved 1048576K
Event: 16114.548 GC heap after
Heap after GC invocations=42 (full 8):
 PSYoungGen      total 316928K, used 44208K [0x00000000e0000000, 0x00000000f9a00000, 0x0000000100000000)
  eden space 256000K, 0% used [0x00000000e0000000,0x00000000e0000000,0x00000000efa00000)
  from space 60928K, 72% used [0x00000000efa00000,0x00000000f252c3b8,0x00000000f3580000)
  to   space 65024K, 0% used [0x00000000f5a80000,0x00000000f5a80000,0x00000000f9a00000)
 ParOldGen       total 180736K, used 124049K [0x00000000a0000000, 0x00000000ab080000, 0x00000000e0000000)
  object space 180736K, 68% used [0x00000000a0000000,0x00000000a7924688,0x00000000ab080000)
 Metaspace       used 76413K, capacity 79378K, committed 83584K, reserved 1122304K
  class space    used 9710K, capacity 10109K, committed 11136K, reserved 1048576K
}

Deoptimization events (10 events):
Event: 16108.229 Thread 0x000000001ca04800 Uncommon trap: reason=class_check action=maybe_recompile pc=0x0000000005928a90 method=com.android.dx.ssa.SsaConverter.placePhiFunctions(Lcom/android/dx/ssa/SsaMethod;Lcom/android/dx/ssa/LocalVariableInfo;I)V @ 257
Event: 16109.044 Thread 0x000000001dacd000 Uncommon trap: reason=unreached action=reinterpret pc=0x0000000003428154 method=java.util.concurrent.ConcurrentHashMap.transfer([Ljava/util/concurrent/ConcurrentHashMap$Node;[Ljava/util/concurrent/ConcurrentHashMap$Node;)V @ 34
Event: 16109.064 Thread 0x0000000019d5a800 Uncommon trap: reason=bimorphic action=maybe_recompile pc=0x00000000055ead5c method=java.util.concurrent.ThreadPoolExecutor.getTask()Ljava/lang/Runnable; @ 29
Event: 16109.064 Thread 0x0000000019d5e800 Uncommon trap: reason=bimorphic action=maybe_recompile pc=0x00000000055ead5c method=java.util.concurrent.ThreadPoolExecutor.getTask()Ljava/lang/Runnable; @ 29
Event: 16109.073 Thread 0x0000000019d60800 Uncommon trap: reason=bimorphic action=maybe_recompile pc=0x00000000055ead5c method=java.util.concurrent.ThreadPoolExecutor.getTask()Ljava/lang/Runnable; @ 29
Event: 16109.436 Thread 0x000000001b396800 Uncommon trap: reason=bimorphic action=maybe_recompile pc=0x0000000005a5ef68 method=com.android.dx.cf.code.BytecodeArray.parseInstruction(ILcom/android/dx/cf/code/BytecodeArray$Visitor;)I @ 1612
Event: 16109.436 Thread 0x000000001b396800 Uncommon trap: reason=bimorphic action=maybe_recompile pc=0x0000000005a5ef68 method=com.android.dx.cf.code.BytecodeArray.parseInstruction(ILcom/android/dx/cf/code/BytecodeArray$Visitor;)I @ 1612
Event: 16112.497 Thread 0x000000001b393800 Uncommon trap: reason=unreached action=reinterpret pc=0x00000000033c3bc4 method=com.android.dx.rop.code.LocalItem.compareHandlesNulls(Lcom/android/dx/rop/cst/CstString;Lcom/android/dx/rop/cst/CstString;)I @ 14
Event: 16114.174 Thread 0x000000001b623000 Uncommon trap: reason=predicate action=maybe_recompile pc=0x0000000005b8291c method=java.util.TimSort.reverseRange([Ljava/lang/Object;II)V @ 8
Event: 16114.351 Thread 0x000000001b623000 Uncommon trap: reason=class_check action=maybe_recompile pc=0x0000000005517104 method=com.android.builder.internal.packaging.zip.ZipField.checkVerifiesInvariants(J)V @ 25

Internal exceptions (10 events):
Event: 16105.228 Thread 0x0000000019d60800 Exception <a 'java/security/PrivilegedActionException'> (0x00000000e5bcd0d0) thrown at [D:\re\workspace\8-2-build-windows-amd64-cygwin\jdk8u25\1677\hotspot\src\share\vm\prims\jvm.cpp, line 1312]
Event: 16105.400 Thread 0x0000000019d60800 Exception <a 'java/security/PrivilegedActionException'> (0x00000000e5bd0fc0) thrown at [D:\re\workspace\8-2-build-windows-amd64-cygwin\jdk8u25\1677\hotspot\src\share\vm\prims\jvm.cpp, line 1312]
Event: 16105.409 Thread 0x0000000018874800 Exception <a 'java/security/PrivilegedActionException'> (0x00000000e05ca548) thrown at [D:\re\workspace\8-2-build-windows-amd64-cygwin\jdk8u25\1677\hotspot\src\share\vm\prims\jvm.cpp, line 1312]
Event: 16105.409 Thread 0x0000000018874800 Exception <a 'java/security/PrivilegedActionException'> (0x00000000e05cddd8) thrown at [D:\re\workspace\8-2-build-windows-amd64-cygwin\jdk8u25\1677\hotspot\src\share\vm\prims\jvm.cpp, line 1312]
Event: 16106.611 Thread 0x000000001dacd000 Exception <a 'java/security/PrivilegedActionException'> (0x00000000e140ccf8) thrown at [D:\re\workspace\8-2-build-windows-amd64-cygwin\jdk8u25\1677\hotspot\src\share\vm\prims\jvm.cpp, line 1312]
Event: 16106.844 Thread 0x000000001dacd000 Exception <a 'java/security/PrivilegedActionException'> (0x00000000e162c1f8) thrown at [D:\re\workspace\8-2-build-windows-amd64-cygwin\jdk8u25\1677\hotspot\src\share\vm\prims\jvm.cpp, line 1312]
Event: 16106.846 Thread 0x000000001dacd000 Exception <a 'java/security/PrivilegedActionException'> (0x00000000e1630508) thrown at [D:\re\workspace\8-2-build-windows-amd64-cygwin\jdk8u25\1677\hotspot\src\share\vm\prims\jvm.cpp, line 1312]
Event: 16108.206 Thread 0x000000001ca04800 Exception <a 'java/security/PrivilegedActionException'> (0x00000000e6bccf58) thrown at [D:\re\workspace\8-2-build-windows-amd64-cygwin\jdk8u25\1677\hotspot\src\share\vm\prims\jvm.cpp, line 1312]
Event: 16108.230 Thread 0x000000001ca04800 Exception <a 'java/security/PrivilegedActionException'> (0x00000000e6f956b0) thrown at [D:\re\workspace\8-2-build-windows-amd64-cygwin\jdk8u25\1677\hotspot\src\share\vm\prims\jvm.cpp, line 1312]
Event: 16112.497 Thread 0x000000001b393800 Implicit null exception at 0x00000000033c2ca5 to 0x00000000033c3bb1

Events (10 events):
Event: 16114.174 Thread 0x000000001b623000 DEOPT UNPACKING pc=0x00000000027b556a sp=0x000000005005c938 mode 2
Event: 16114.351 Thread 0x000000001b623000 Uncommon trap: trap_request=0xffffffde fr.pc=0x0000000005517104
Event: 16114.351 Thread 0x000000001b623000 DEOPT PACKING pc=0x0000000005517104 sp=0x000000005005c680
Event: 16114.351 Thread 0x000000001b623000 DEOPT UNPACKING pc=0x00000000027b556a sp=0x000000005005c620 mode 2
Event: 16114.366 Executing VM operation: ParallelGCFailedAllocation
Event: 16114.548 Executing VM operation: ParallelGCFailedAllocation done
Event: 16114.549 Executing VM operation: RevokeBias
Event: 16114.549 Executing VM operation: RevokeBias done
Event: 16114.549 Executing VM operation: BulkRevokeBias
Event: 16114.549 Executing VM operation: BulkRevokeBias done


Dynamic libraries:
0x00007ff7f5800000 - 0x00007ff7f5834000 	C:\Program Files\Java\jdk1.8.0_25\bin\java.exe
0x00007ffd2bce0000 - 0x00007ffd2bea1000 	C:\WINDOWS\SYSTEM32\ntdll.dll
0x00007ffd29d30000 - 0x00007ffd29ddd000 	C:\WINDOWS\system32\KERNEL32.DLL
0x00007ffd28a40000 - 0x00007ffd28c28000 	C:\WINDOWS\system32\KERNELBASE.dll
0x00007ffd290c0000 - 0x00007ffd29167000 	C:\WINDOWS\system32\ADVAPI32.dll
0x00007ffd29c80000 - 0x00007ffd29d1d000 	C:\WINDOWS\system32\msvcrt.dll
0x00007ffd2bc80000 - 0x00007ffd2bcdb000 	C:\WINDOWS\system32\sechost.dll
0x00007ffd29de0000 - 0x00007ffd29efc000 	C:\WINDOWS\system32\RPCRT4.dll
0x00007ffd2b9c0000 - 0x00007ffd2bb16000 	C:\WINDOWS\system32\USER32.dll
0x00007ffd29960000 - 0x00007ffd29ae6000 	C:\WINDOWS\system32\GDI32.dll
0x00007ffd249a0000 - 0x00007ffd24c14000 	C:\WINDOWS\WinSxS\amd64_microsoft.windows.common-controls_6595b64144ccf1df_6.0.10586.0_none_8c15ae12515e1c22\COMCTL32.dll
0x00007ffd29220000 - 0x00007ffd2949d000 	C:\WINDOWS\system32\combase.dll
0x00007ffd29050000 - 0x00007ffd290ba000 	C:\WINDOWS\system32\bcryptPrimitives.dll
0x00007ffd291e0000 - 0x00007ffd2921b000 	C:\WINDOWS\system32\IMM32.DLL
0x00007ffd27fb0000 - 0x00007ffd27fe1000 	C:\Windows\system32\nvinitx.dll
0x00007ffd27f70000 - 0x00007ffd27f7a000 	C:\WINDOWS\SYSTEM32\VERSION.dll
0x000000005c1d0000 - 0x000000005c1d6000 	C:\Program Files\NVIDIA Corporation\CoProcManager\_etoured.dll
0x00007ffd253b0000 - 0x00007ffd253e3000 	C:\Program Files\NVIDIA Corporation\CoProcManager\nvd3d9wrapx.dll
0x00007ffd29f00000 - 0x00007ffd2a329000 	C:\WINDOWS\system32\SETUPAPI.dll
0x00007ffd28e00000 - 0x00007ffd28e43000 	C:\WINDOWS\system32\CFGMGR32.dll
0x00007ffd24ea0000 - 0x00007ffd24ec2000 	C:\Program Files\NVIDIA Corporation\CoProcManager\nvdxgiwrapx.dll
0x000000005a010000 - 0x000000005a0e2000 	C:\Program Files\Java\jdk1.8.0_25\jre\bin\msvcr100.dll
0x0000000058d20000 - 0x000000005957a000 	C:\Program Files\Java\jdk1.8.0_25\jre\bin\server\jvm.dll
0x00007ffd29d20000 - 0x00007ffd29d28000 	C:\WINDOWS\system32\PSAPI.DLL
0x00007ffd260d0000 - 0x00007ffd260d9000 	C:\WINDOWS\SYSTEM32\WSOCK32.dll
0x00007ffd26990000 - 0x00007ffd269b3000 	C:\WINDOWS\SYSTEM32\WINMM.dll
0x00007ffd29170000 - 0x00007ffd291db000 	C:\WINDOWS\system32\WS2_32.dll
0x00007ffd26850000 - 0x00007ffd2687c000 	C:\WINDOWS\SYSTEM32\WINMMBASE.dll
0x000000005a000000 - 0x000000005a00f000 	C:\Program Files\Java\jdk1.8.0_25\jre\bin\verify.dll
0x0000000059bb0000 - 0x0000000059bd8000 	C:\Program Files\Java\jdk1.8.0_25\jre\bin\java.dll
0x0000000059b90000 - 0x0000000059ba6000 	C:\Program Files\Java\jdk1.8.0_25\jre\bin\zip.dll
0x00007ffd2a460000 - 0x00007ffd2b9bc000 	C:\WINDOWS\system32\SHELL32.dll
0x0000000017430000 - 0x0000000017a74000 	C:\WINDOWS\system32\windows.storage.dll
0x00007ffd29900000 - 0x00007ffd29952000 	C:\WINDOWS\system32\shlwapi.dll
0x00007ffd28350000 - 0x00007ffd2835f000 	C:\WINDOWS\system32\kernel.appcore.dll
0x00007ffd28f00000 - 0x00007ffd28fb5000 	C:\WINDOWS\system32\shcore.dll
0x00007ffd28300000 - 0x00007ffd2834b000 	C:\WINDOWS\system32\powrprof.dll
0x00007ffd282e0000 - 0x00007ffd282f4000 	C:\WINDOWS\system32\profapi.dll
0x0000000059b70000 - 0x0000000059b8a000 	C:\Program Files\Java\jdk1.8.0_25\jre\bin\net.dll
0x00007ffd27bc0000 - 0x00007ffd27c1c000 	C:\WINDOWS\system32\mswsock.dll
0x0000000059b50000 - 0x0000000059b61000 	C:\Program Files\Java\jdk1.8.0_25\jre\bin\nio.dll
0x00007ffd0d530000 - 0x00007ffd0d542000 	C:\Users\caibing.zhang\.gradle\native\19\windows-amd64\native-platform.dll
0x00007ffd27c70000 - 0x00007ffd27c87000 	C:\WINDOWS\SYSTEM32\CRYPTSP.dll
0x00007ffd27900000 - 0x00007ffd27934000 	C:\WINDOWS\system32\rsaenh.dll
0x00007ffd28170000 - 0x00007ffd28199000 	C:\WINDOWS\SYSTEM32\bcrypt.dll
0x00007ffd27a50000 - 0x00007ffd27a6f000 	C:\WINDOWS\SYSTEM32\USERENV.dll
0x00007ffd27d90000 - 0x00007ffd27d9b000 	C:\WINDOWS\SYSTEM32\CRYPTBASE.dll
0x00007ffd25580000 - 0x00007ffd255b8000 	C:\WINDOWS\SYSTEM32\IPHLPAPI.DLL
0x00007ffd29c70000 - 0x00007ffd29c78000 	C:\WINDOWS\system32\NSI.dll
0x00007ffd25420000 - 0x00007ffd25436000 	C:\WINDOWS\SYSTEM32\dhcpcsvc6.DLL
0x00007ffd253f0000 - 0x00007ffd2540a000 	C:\WINDOWS\SYSTEM32\dhcpcsvc.DLL
0x0000000059ff0000 - 0x0000000059ffd000 	C:\Program Files\Java\jdk1.8.0_25\jre\bin\management.dll
0x0000000059b20000 - 0x0000000059b44000 	C:\Program Files\Java\jdk1.8.0_25\jre\bin\sunec.dll
0x00007ffd26c10000 - 0x00007ffd26cba000 	C:\WINDOWS\SYSTEM32\DNSAPI.dll
0x00007ffd23460000 - 0x00007ffd2346a000 	C:\Windows\System32\rasadhlp.dll
0x00007ffd23650000 - 0x00007ffd236b7000 	C:\WINDOWS\System32\fwpuclnt.dll
0x00007ffd1b730000 - 0x00007ffd1b746000 	C:\WINDOWS\system32\napinsp.dll
0x00007ffd1b750000 - 0x00007ffd1b76a000 	C:\WINDOWS\system32\pnrpnsp.dll
0x00007ffd260f0000 - 0x00007ffd26108000 	C:\WINDOWS\system32\NLAapi.dll
0x00007ffd1b770000 - 0x00007ffd1b77d000 	C:\WINDOWS\System32\winrnr.dll
0x00007ffd1b780000 - 0x00007ffd1b795000 	C:\WINDOWS\System32\wshbth.dll
0x00007ffd09750000 - 0x00007ffd098dc000 	C:\WINDOWS\SYSTEM32\dbghelp.dll

VM Arguments:
jvm_args: -Xmx1536m -Dfile.encoding=GBK -Duser.country=CN -Duser.language=zh -Duser.variant 
java_command: org.gradle.launcher.daemon.bootstrap.GradleDaemon 2.14.1
java_class_path (initial): C:\Program Files\Android\Android Studio\gradle\gradle-2.14.1\lib\gradle-launcher-2.14.1.jar
Launcher Type: SUN_STANDARD

Environment Variables:
JAVA_HOME=C:\Program Files\Java\jdk1.8.0_25
CLASSPATH=.;C:\Program Files\Java\jdk1.8.0_25\lib;
PATH=C:\ProgramData\Oracle\Java\javapath;C:\WINDOWS\system32;C:\WINDOWS;C:\WINDOWS\System32\Wbem;C:\WINDOWS\System32\WindowsPowerShell\v1.0\;C:\Program Files\Java\jdk1.8.0_25\bin;D:\soft\android\android-sdk_r24.3.2-windows\android-sdk-windows\platform-tools;C:\Program Files\Git\cmd;C:\Program Files\VisualSVN Server\bin;C:\Program Files\TortoiseSVN\bin
USERNAME=caibing.zhang
OS=Windows_NT
PROCESSOR_IDENTIFIER=Intel64 Family 6 Model 58 Stepping 9, GenuineIntel



---------------  S Y S T E M  ---------------

OS: Windows 8.1 , 64 bit Build 9600 

CPU:total 4 (2 cores per cpu, 2 threads per core) family 6 model 58 stepping 9, cmov, cx8, fxsr, mmx, sse, sse2, sse3, ssse3, sse4.1, sse4.2, popcnt, avx, aes, clmul, erms, ht, tsc, tscinvbit, tscinv

Memory: 4k page, physical 8078976k(1390028k free), swap 10176128k(58240k free)

vm_info: Java HotSpot(TM) 64-Bit Server VM (25.25-b02) for windows-amd64 JRE (1.8.0_25-b18), built on Oct  7 2014 14:25:37 by "java_re" with MS VC++ 10.0 (VS2010)

time: Thu Oct 20 14:48:39 2016
elapsed time: 16114 seconds (0d 4h 28m 34s)

